[20/Oct/2015 14:25:40] ERROR [django.request:256] Internal Server Error: /
Traceback (most recent call last):
  File "C:\Anaconda\lib\site-packages\django\core\handlers\base.py", line 119, in get_response
    resolver_match = resolver.resolve(request.path_info)
  File "C:\Anaconda\lib\site-packages\django\core\urlresolvers.py", line 366, in resolve
    for pattern in self.url_patterns:
  File "C:\Anaconda\lib\site-packages\django\core\urlresolvers.py", line 402, in url_patterns
    patterns = getattr(self.urlconf_module, "urlpatterns", self.urlconf_module)
  File "C:\Anaconda\lib\site-packages\django\core\urlresolvers.py", line 396, in urlconf_module
    self._urlconf_module = import_module(self.urlconf_name)
  File "C:\Anaconda\lib\importlib\__init__.py", line 37, in import_module
    __import__(name)
  File "C:\Django\myproject\myproject\urls.py", line 22, in <module>
    from login import views
  File "C:\Django\myproject\login\views.py", line 120
    if user.username == 'iljoog'
                               ^
SyntaxError: invalid syntax
[20/Oct/2015 14:25:44] DEBUG [monitor.views:40] K-ATES program started.
[20/Oct/2015 14:25:45] DEBUG [monitor.controller:262] command written
[20/Oct/2015 14:25:45] DEBUG [monitor.controller:263] {'flux1': 0, 'cp1_hz': 13, 'datetime': '2015-10-20 14:25:45', 'dwp4': u'OFF', 'dwp3': u'OFF', 'temp_mode': u'CL', 'dwp1': u'OFF', 'op_mode': u'AT', 'cp2_hz': 0, 'flux2': 0, 'cp2_flux': 0, 'switch1': u'OFF', 'switch2': u'OFF', 'hz1': 0, 'cp1_flux': 211, 'hz2': 0, 'cp1': u'ON', 'cp2': u'OFF', 'cp_operating': 1, 'dwp2': u'OFF'}
[20/Oct/2015 14:25:45] DEBUG [monitor.views:94] program start - Auto command
[20/Oct/2015 14:26:14] DEBUG [monitor.views:441] setting_mode_confirm: MN
[20/Oct/2015 14:26:14] DEBUG [monitor.controller:262] command written
[20/Oct/2015 14:26:14] DEBUG [monitor.controller:263] {'flux1': 0, 'cp1_hz': 13, 'datetime': '2015-10-20 14:26:14', 'dwp4': u'OFF', 'dwp3': u'OFF', 'temp_mode': u'HT', 'dwp1': u'OFF', 'op_mode': u'MN', 'cp2_hz': 0, 'flux2': 0, 'cp2_flux': 0, 'switch1': u'OFF', 'switch2': u'OFF', 'hz1': 0, 'cp1_flux': 211, 'hz2': 0, 'cp1': u'ON', 'cp2': u'OFF', 'cp_operating': 1, 'dwp2': u'OFF'}
[20/Oct/2015 14:26:14] DEBUG [monitor.views:451] write_cmd from settimg_mode_confirm
[20/Oct/2015 14:26:17] DEBUG [monitor.views:441] setting_mode_confirm: AT
[20/Oct/2015 14:26:17] DEBUG [monitor.controller:262] command written
[20/Oct/2015 14:26:17] DEBUG [monitor.controller:263] {'flux1': 0, 'cp1_hz': 13, 'datetime': '2015-10-20 14:26:17', 'dwp4': u'OFF', 'dwp3': u'OFF', 'temp_mode': u'HT', 'dwp1': u'OFF', 'op_mode': u'AT', 'cp2_hz': 0, 'flux2': 0, 'cp2_flux': 0, 'switch1': u'OFF', 'switch2': u'OFF', 'hz1': 0, 'cp1_flux': 211, 'hz2': 0, 'cp1': u'ON', 'cp2': u'OFF', 'cp_operating': 1, 'dwp2': u'OFF'}
[20/Oct/2015 14:26:17] DEBUG [monitor.views:451] write_cmd from settimg_mode_confirm
[20/Oct/2015 14:28:13] DEBUG [monitor.views:40] K-ATES program started.
[20/Oct/2015 14:28:13] DEBUG [monitor.controller:262] command written
[20/Oct/2015 14:28:13] DEBUG [monitor.controller:263] {'flux1': 0, 'cp1_hz': 13, 'datetime': '2015-10-20 14:28:13', 'dwp4': u'OFF', 'dwp3': u'OFF', 'temp_mode': u'CL', 'dwp1': u'OFF', 'op_mode': u'AT', 'cp2_hz': 0, 'flux2': 0, 'cp2_flux': 0, 'switch1': u'OFF', 'switch2': u'OFF', 'hz1': 0, 'cp1_flux': 211, 'hz2': 0, 'cp1': u'ON', 'cp2': u'OFF', 'cp_operating': 1, 'dwp2': u'OFF'}
[20/Oct/2015 14:28:13] DEBUG [monitor.views:94] program start - Auto command
[20/Oct/2015 14:28:39] DEBUG [monitor.views:441] setting_mode_confirm: MN
[20/Oct/2015 14:28:39] DEBUG [monitor.controller:262] command written
[20/Oct/2015 14:28:39] DEBUG [monitor.controller:263] {'flux1': 0, 'cp1_hz': 13, 'datetime': '2015-10-20 14:28:39', 'dwp4': u'OFF', 'dwp3': u'OFF', 'temp_mode': u'HT', 'dwp1': u'OFF', 'op_mode': u'MN', 'cp2_hz': 0, 'flux2': 0, 'cp2_flux': 0, 'switch1': u'OFF', 'switch2': u'OFF', 'hz1': 0, 'cp1_flux': 211, 'hz2': 0, 'cp1': u'ON', 'cp2': u'OFF', 'cp_operating': 1, 'dwp2': u'OFF'}
[20/Oct/2015 14:28:39] DEBUG [monitor.views:451] write_cmd from settimg_mode_confirm
[20/Oct/2015 14:28:43] DEBUG [monitor.views:441] setting_mode_confirm: AT
[20/Oct/2015 14:28:43] DEBUG [monitor.controller:262] command written
[20/Oct/2015 14:28:43] DEBUG [monitor.controller:263] {'flux1': 0, 'cp1_hz': 13, 'datetime': '2015-10-20 14:28:43', 'dwp4': u'OFF', 'dwp3': u'OFF', 'temp_mode': u'HT', 'dwp1': u'OFF', 'op_mode': u'AT', 'cp2_hz': 0, 'flux2': 0, 'cp2_flux': 0, 'switch1': u'OFF', 'switch2': u'OFF', 'hz1': 0, 'cp1_flux': 211, 'hz2': 0, 'cp1': u'ON', 'cp2': u'OFF', 'cp_operating': 1, 'dwp2': u'OFF'}
[20/Oct/2015 14:28:43] DEBUG [monitor.views:451] write_cmd from settimg_mode_confirm
[20/Oct/2015 14:40:46] DEBUG [monitor.views:40] K-ATES program started.
[20/Oct/2015 14:40:46] DEBUG [monitor.controller:262] command written
[20/Oct/2015 14:40:46] DEBUG [monitor.controller:263] {'flux1': 0, 'cp1_hz': 13, 'datetime': '2015-10-20 14:40:46', 'dwp4': u'OFF', 'dwp3': u'OFF', 'temp_mode': u'CL', 'dwp1': u'OFF', 'op_mode': u'AT', 'cp2_hz': 0, 'flux2': 0, 'cp2_flux': 0, 'switch1': u'OFF', 'switch2': u'OFF', 'hz1': 0, 'cp1_flux': 211, 'hz2': 0, 'cp1': u'ON', 'cp2': u'OFF', 'cp_operating': 1, 'dwp2': u'OFF'}
[20/Oct/2015 14:40:46] DEBUG [monitor.views:94] program start - Auto command
[20/Oct/2015 14:51:12] DEBUG [monitor.views:40] K-ATES program started.
[20/Oct/2015 14:51:12] DEBUG [monitor.controller:262] command written
[20/Oct/2015 14:51:12] DEBUG [monitor.controller:263] {'flux1': 0, 'cp1_hz': 13, 'datetime': '2015-10-20 14:51:12', 'dwp4': u'OFF', 'dwp3': u'OFF', 'temp_mode': u'CL', 'dwp1': u'OFF', 'op_mode': u'AT', 'cp2_hz': 0, 'flux2': 0, 'cp2_flux': 0, 'switch1': u'OFF', 'switch2': u'OFF', 'hz1': 0, 'cp1_flux': 211, 'hz2': 0, 'cp1': u'ON', 'cp2': u'OFF', 'cp_operating': 1, 'dwp2': u'OFF'}
[20/Oct/2015 14:51:12] DEBUG [monitor.views:94] program start - Auto command
[20/Oct/2015 14:51:52] DEBUG [monitor.views:441] setting_mode_confirm: MN
[20/Oct/2015 14:51:52] DEBUG [monitor.controller:262] command written
[20/Oct/2015 14:51:52] DEBUG [monitor.controller:263] {'flux1': 0, 'cp1_hz': 13, 'datetime': '2015-10-20 14:51:52', 'dwp4': u'OFF', 'dwp3': u'OFF', 'temp_mode': u'HT', 'dwp1': u'OFF', 'op_mode': u'MN', 'cp2_hz': 0, 'flux2': 0, 'cp2_flux': 0, 'switch1': u'OFF', 'switch2': u'OFF', 'hz1': 0, 'cp1_flux': 211, 'hz2': 0, 'cp1': u'ON', 'cp2': u'OFF', 'cp_operating': 1, 'dwp2': u'OFF'}
[20/Oct/2015 14:51:52] DEBUG [monitor.views:451] write_cmd from settimg_mode_confirm
[20/Oct/2015 14:51:59] DEBUG [monitor.views:441] setting_mode_confirm: AT
[20/Oct/2015 14:51:59] DEBUG [monitor.controller:262] command written
[20/Oct/2015 14:51:59] DEBUG [monitor.controller:263] {'flux1': 0, 'cp1_hz': 13, 'datetime': '2015-10-20 14:51:59', 'dwp4': u'OFF', 'dwp3': u'OFF', 'temp_mode': u'HT', 'dwp1': u'OFF', 'op_mode': u'AT', 'cp2_hz': 0, 'flux2': 0, 'cp2_flux': 0, 'switch1': u'OFF', 'switch2': u'OFF', 'hz1': 0, 'cp1_flux': 211, 'hz2': 0, 'cp1': u'ON', 'cp2': u'OFF', 'cp_operating': 1, 'dwp2': u'OFF'}
[20/Oct/2015 14:51:59] DEBUG [monitor.views:451] write_cmd from settimg_mode_confirm
[20/Oct/2015 16:23:24] DEBUG [monitor.views:40] K-ATES program started.
[20/Oct/2015 16:23:24] DEBUG [monitor.controller:262] command written
[20/Oct/2015 16:23:24] DEBUG [monitor.controller:263] {'flux1': 0, 'cp1_hz': 13, 'datetime': '2015-10-20 16:23:24', 'dwp4': u'OFF', 'dwp3': u'OFF', 'temp_mode': u'CL', 'dwp1': u'OFF', 'op_mode': u'AT', 'cp2_hz': 0, 'flux2': 0, 'cp2_flux': 0, 'switch1': u'OFF', 'switch2': u'OFF', 'hz1': 0, 'cp1_flux': 211, 'hz2': 0, 'cp1': u'ON', 'cp2': u'OFF', 'cp_operating': 1, 'dwp2': u'OFF'}
[20/Oct/2015 16:23:24] DEBUG [monitor.views:94] program start - Auto command
[20/Oct/2015 16:23:41] DEBUG [monitor.views:441] setting_mode_confirm: MN
[20/Oct/2015 16:23:41] DEBUG [monitor.controller:262] command written
[20/Oct/2015 16:23:41] DEBUG [monitor.controller:263] {'flux1': 0, 'cp1_hz': 13, 'datetime': '2015-10-20 16:23:41', 'dwp4': u'OFF', 'dwp3': u'OFF', 'temp_mode': u'HT', 'dwp1': u'OFF', 'op_mode': u'MN', 'cp2_hz': 0, 'flux2': 0, 'cp2_flux': 0, 'switch1': u'OFF', 'switch2': u'OFF', 'hz1': 0, 'cp1_flux': 211, 'hz2': 0, 'cp1': u'ON', 'cp2': u'OFF', 'cp_operating': 1, 'dwp2': u'OFF'}
[20/Oct/2015 16:23:41] DEBUG [monitor.views:451] write_cmd from settimg_mode_confirm
[20/Oct/2015 16:24:37] DEBUG [monitor.views:441] setting_mode_confirm: MN
[20/Oct/2015 16:24:47] DEBUG [monitor.views:40] K-ATES program started.
[20/Oct/2015 16:24:47] DEBUG [monitor.controller:262] command written
[20/Oct/2015 16:24:47] DEBUG [monitor.controller:263] {'flux1': 0, 'cp1_hz': 13, 'datetime': '2015-10-20 16:24:47', 'dwp4': u'OFF', 'dwp3': u'OFF', 'temp_mode': u'CL', 'dwp1': u'OFF', 'op_mode': u'AT', 'cp2_hz': 0, 'flux2': 0, 'cp2_flux': 0, 'switch1': u'OFF', 'switch2': u'OFF', 'hz1': 0, 'cp1_flux': 211, 'hz2': 0, 'cp1': u'ON', 'cp2': u'OFF', 'cp_operating': 1, 'dwp2': u'OFF'}
[20/Oct/2015 16:24:47] DEBUG [monitor.views:94] program start - Auto command
[20/Oct/2015 16:25:00] DEBUG [monitor.views:441] setting_mode_confirm: MN
[20/Oct/2015 16:25:00] DEBUG [monitor.controller:262] command written
[20/Oct/2015 16:25:00] DEBUG [monitor.controller:263] {'flux1': 0, 'cp1_hz': 13, 'datetime': '2015-10-20 16:25:00', 'dwp4': u'OFF', 'dwp3': u'OFF', 'temp_mode': u'HT', 'dwp1': u'OFF', 'op_mode': u'MN', 'cp2_hz': 0, 'flux2': 0, 'cp2_flux': 0, 'switch1': u'OFF', 'switch2': u'OFF', 'hz1': 0, 'cp1_flux': 211, 'hz2': 0, 'cp1': u'ON', 'cp2': u'OFF', 'cp_operating': 1, 'dwp2': u'OFF'}
[20/Oct/2015 16:25:00] DEBUG [monitor.views:451] write_cmd from settimg_mode_confirm
[22/Oct/2015 15:27:11] WARNING [django.request:170] Not Found: /favicon.ico
[22/Oct/2015 15:27:15] DEBUG [monitor.views:40] K-ATES program started.
[22/Oct/2015 15:27:16] DEBUG [monitor.controller:262] command written
[22/Oct/2015 15:27:16] DEBUG [monitor.controller:263] {'flux1': 0, 'cp1_hz': 13, 'datetime': '2015-10-22 15:27:16', 'dwp4': u'OFF', 'dwp3': u'OFF', 'temp_mode': u'CL', 'dwp1': u'OFF', 'op_mode': u'AT', 'cp2_hz': 0, 'flux2': 0, 'cp2_flux': 0, 'switch1': u'OFF', 'switch2': u'OFF', 'hz1': 0, 'cp1_flux': 211, 'hz2': 0, 'cp1': u'ON', 'cp2': u'OFF', 'cp_operating': 1, 'dwp2': u'OFF'}
[22/Oct/2015 15:27:16] DEBUG [monitor.views:94] program start - Auto command
[22/Oct/2015 15:30:06] DEBUG [monitor.views:112] database updated
[23/Oct/2015 17:46:37] WARNING [django.request:170] Not Found: /favicon.ico
[23/Oct/2015 17:46:40] DEBUG [monitor.views:40] K-ATES program started.
[23/Oct/2015 17:46:40] DEBUG [monitor.controller:262] command written
[23/Oct/2015 17:46:40] DEBUG [monitor.controller:263] {'flux1': 0, 'cp1_hz': 0, 'datetime': '2015-10-23 17:46:40', 'dwp4': u'OFF', 'dwp3': u'OFF', 'temp_mode': u'CL', 'dwp1': u'OFF', 'op_mode': u'AT', 'cp2_hz': 0, 'flux2': 0, 'cp2_flux': 0, 'switch1': u'OFF', 'switch2': u'OFF', 'hz1': 0, 'cp1_flux': 0, 'hz2': 0, 'cp1': u'OFF', 'cp2': u'OFF', 'cp_operating': 1, 'dwp2': u'OFF'}
[23/Oct/2015 17:46:40] DEBUG [monitor.views:94] program start - Auto command
[23/Oct/2015 17:47:03] DEBUG [monitor.controller:262] command written
[23/Oct/2015 17:47:03] DEBUG [monitor.controller:263] {'flux1': 0, 'cp1_hz': 0, 'datetime': '2015-10-23 17:47:03', 'dwp4': u'OFF', 'dwp3': u'OFF', 'temp_mode': u'HT', 'dwp1': u'OFF', 'op_mode': u'AT', 'cp2_hz': 0, 'flux2': 0, 'cp2_flux': 0, 'switch1': u'OFF', 'switch2': u'OFF', 'hz1': 0, 'cp1_flux': 0, 'hz2': 0, 'cp1': u'OFF', 'cp2': u'OFF', 'cp_operating': 1, 'dwp2': u'OFF'}
[23/Oct/2015 17:47:06] DEBUG [monitor.controller:262] command written
[23/Oct/2015 17:47:06] DEBUG [monitor.controller:263] {'flux1': 0, 'cp1_hz': 0, 'datetime': '2015-10-23 17:47:06', 'dwp4': u'OFF', 'dwp3': u'OFF', 'temp_mode': u'HT', 'dwp1': u'OFF', 'op_mode': u'AT', 'cp2_hz': 0, 'flux2': 0, 'cp2_flux': 0, 'switch1': u'OFF', 'switch2': u'OFF', 'hz1': 0, 'cp1_flux': 0, 'hz2': 0, 'cp1': u'OFF', 'cp2': u'OFF', 'cp_operating': 1, 'dwp2': u'OFF'}
[23/Oct/2015 17:47:09] DEBUG [monitor.controller:262] command written
[23/Oct/2015 17:47:09] DEBUG [monitor.controller:263] {'flux1': 0, 'cp1_hz': 0, 'datetime': '2015-10-23 17:47:09', 'dwp4': u'OFF', 'dwp3': u'OFF', 'temp_mode': u'HT', 'dwp1': u'OFF', 'op_mode': u'AT', 'cp2_hz': 0, 'flux2': 0, 'cp2_flux': 0, 'switch1': u'OFF', 'switch2': u'OFF', 'hz1': 0, 'cp1_flux': 0, 'hz2': 0, 'cp1': u'OFF', 'cp2': u'OFF', 'cp_operating': 1, 'dwp2': u'OFF'}
[23/Oct/2015 17:47:13] DEBUG [monitor.controller:262] command written
[23/Oct/2015 17:47:13] DEBUG [monitor.controller:263] {'flux1': 0, 'cp1_hz': 0, 'datetime': '2015-10-23 17:47:13', 'dwp4': u'OFF', 'dwp3': u'OFF', 'temp_mode': u'HT', 'dwp1': u'OFF', 'op_mode': u'AT', 'cp2_hz': 0, 'flux2': 0, 'cp2_flux': 0, 'switch1': u'OFF', 'switch2': u'OFF', 'hz1': 0, 'cp1_flux': 0, 'hz2': 0, 'cp1': u'OFF', 'cp2': u'OFF', 'cp_operating': 1, 'dwp2': u'OFF'}
[23/Oct/2015 17:47:16] DEBUG [monitor.controller:262] command written
[23/Oct/2015 17:47:16] DEBUG [monitor.controller:263] {'flux1': 0, 'cp1_hz': 0, 'datetime': '2015-10-23 17:47:16', 'dwp4': u'OFF', 'dwp3': u'OFF', 'temp_mode': u'HT', 'dwp1': u'OFF', 'op_mode': u'AT', 'cp2_hz': 0, 'flux2': 0, 'cp2_flux': 0, 'switch1': u'OFF', 'switch2': u'OFF', 'hz1': 0, 'cp1_flux': 0, 'hz2': 0, 'cp1': u'OFF', 'cp2': u'OFF', 'cp_operating': 1, 'dwp2': u'OFF'}
[23/Oct/2015 17:47:19] DEBUG [monitor.controller:262] command written
[23/Oct/2015 17:47:19] DEBUG [monitor.controller:263] {'flux1': 0, 'cp1_hz': 0, 'datetime': '2015-10-23 17:47:19', 'dwp4': u'OFF', 'dwp3': u'OFF', 'temp_mode': u'HT', 'dwp1': u'OFF', 'op_mode': u'AT', 'cp2_hz': 0, 'flux2': 0, 'cp2_flux': 0, 'switch1': u'OFF', 'switch2': u'OFF', 'hz1': 0, 'cp1_flux': 0, 'hz2': 0, 'cp1': u'OFF', 'cp2': u'OFF', 'cp_operating': 1, 'dwp2': u'OFF'}
[23/Oct/2015 17:47:22] DEBUG [monitor.controller:262] command written
[23/Oct/2015 17:47:22] DEBUG [monitor.controller:263] {'flux1': 0, 'cp1_hz': 0, 'datetime': '2015-10-23 17:47:22', 'dwp4': u'OFF', 'dwp3': u'OFF', 'temp_mode': u'HT', 'dwp1': u'OFF', 'op_mode': u'AT', 'cp2_hz': 0, 'flux2': 0, 'cp2_flux': 0, 'switch1': u'OFF', 'switch2': u'OFF', 'hz1': 0, 'cp1_flux': 0, 'hz2': 0, 'cp1': u'OFF', 'cp2': u'OFF', 'cp_operating': 1, 'dwp2': u'OFF'}
[23/Oct/2015 17:47:25] DEBUG [monitor.controller:262] command written
[23/Oct/2015 17:47:25] DEBUG [monitor.controller:263] {'flux1': 0, 'cp1_hz': 0, 'datetime': '2015-10-23 17:47:25', 'dwp4': u'OFF', 'dwp3': u'OFF', 'temp_mode': u'HT', 'dwp1': u'OFF', 'op_mode': u'AT', 'cp2_hz': 0, 'flux2': 0, 'cp2_flux': 0, 'switch1': u'OFF', 'switch2': u'OFF', 'hz1': 0, 'cp1_flux': 0, 'hz2': 0, 'cp1': u'OFF', 'cp2': u'OFF', 'cp_operating': 1, 'dwp2': u'OFF'}
[23/Oct/2015 17:47:29] DEBUG [monitor.controller:262] command written
[23/Oct/2015 17:47:29] DEBUG [monitor.controller:263] {'flux1': 0, 'cp1_hz': 0, 'datetime': '2015-10-23 17:47:29', 'dwp4': u'OFF', 'dwp3': u'OFF', 'temp_mode': u'HT', 'dwp1': u'OFF', 'op_mode': u'AT', 'cp2_hz': 0, 'flux2': 0, 'cp2_flux': 0, 'switch1': u'OFF', 'switch2': u'OFF', 'hz1': 0, 'cp1_flux': 0, 'hz2': 0, 'cp1': u'OFF', 'cp2': u'OFF', 'cp_operating': 1, 'dwp2': u'OFF'}
[23/Oct/2015 17:47:32] DEBUG [monitor.controller:262] command written
[23/Oct/2015 17:47:32] DEBUG [monitor.controller:263] {'flux1': 0, 'cp1_hz': 0, 'datetime': '2015-10-23 17:47:32', 'dwp4': u'OFF', 'dwp3': u'OFF', 'temp_mode': u'HT', 'dwp1': u'OFF', 'op_mode': u'AT', 'cp2_hz': 0, 'flux2': 0, 'cp2_flux': 0, 'switch1': u'OFF', 'switch2': u'OFF', 'hz1': 0, 'cp1_flux': 0, 'hz2': 0, 'cp1': u'OFF', 'cp2': u'OFF', 'cp_operating': 1, 'dwp2': u'OFF'}
[23/Oct/2015 17:47:35] DEBUG [monitor.controller:262] command written
[23/Oct/2015 17:47:35] DEBUG [monitor.controller:263] {'flux1': 0, 'cp1_hz': 0, 'datetime': '2015-10-23 17:47:35', 'dwp4': u'OFF', 'dwp3': u'OFF', 'temp_mode': u'HT', 'dwp1': u'OFF', 'op_mode': u'AT', 'cp2_hz': 0, 'flux2': 0, 'cp2_flux': 0, 'switch1': u'OFF', 'switch2': u'OFF', 'hz1': 0, 'cp1_flux': 0, 'hz2': 0, 'cp1': u'OFF', 'cp2': u'OFF', 'cp_operating': 1, 'dwp2': u'OFF'}
